<?xml version="1.0" encoding="UTF-8"?>
<!-- Generated by org.testng.reporters.JUnitReportReporter -->
<testsuite hostname="LAPTOP-3FC1F8QA" failures="0" tests="1" name="com.simplilearn.cucumber.PhaseTwoFinalProject.TextBoxCheck" time="1.433" errors="0" timestamp="2024-01-03T09:30:15 IST" skipped="0">
  <testcase classname="com.simplilearn.cucumber.PhaseTwoFinalProject.TextBoxCheck" name="testBuyNowFunctionality" time="1.433"/>
  <system-out/>
</testsuite> <!-- com.simplilearn.cucumber.PhaseTwoFinalProject.TextBoxCheck -->
