<?xml version="1.0" encoding="UTF-8"?>
<!-- Generated by org.testng.reporters.JUnitReportReporter -->
<testsuite hostname="LAPTOP-3FC1F8QA" failures="0" tests="1" name="com.simplilearn.cucumber.PhaseTwoFinalProject.AppTest" time="0.019" errors="0" timestamp="2023-12-30T22:21:16 IST" skipped="0">
  <testcase classname="com.simplilearn.cucumber.PhaseTwoFinalProject.AppTest" name="shouldAnswerWithTrue" time="0.019"/>
  <system-out/>
</testsuite> <!-- com.simplilearn.cucumber.PhaseTwoFinalProject.AppTest -->
