<?xml version="1.0" encoding="UTF-8"?>
<!-- Generated by org.testng.reporters.JUnitReportReporter -->
<testsuite hostname="LAPTOP-3FC1F8QA" failures="0" tests="1" name="com.simplilearn.cucumber.PhaseTwoFinalProject.BuyNowFunctionalityTest" time="1.918" errors="0" timestamp="2024-01-03T10:13:18 IST" skipped="0">
  <testcase classname="com.simplilearn.cucumber.PhaseTwoFinalProject.BuyNowFunctionalityTest" name="testBuyNowFunctionality" time="1.918"/>
  <system-out/>
</testsuite> <!-- com.simplilearn.cucumber.PhaseTwoFinalProject.BuyNowFunctionalityTest -->
